<?xml version="1.0" encoding="UTF-8"?>
<!-- Generated by org.testng.reporters.JUnitReportReporter -->
<testsuite hostname="LAPTOP-MTJ6U84J" failures="0" tests="1" name="com.company.MainTest" time="17.272" errors="0" timestamp="2020-02-11T01:07:49 IST" skipped="0">
  <testcase classname="com.company.MainTest" name="registerUser" time="17.272"/>
</testsuite> <!-- com.company.MainTest -->
